{"/Users/m48692/projects/gint/lib/config.js": {"path":"/Users/m48692/projects/gint/lib/config.js","statementMap":{"0":{"start":{"line":3,"column":11},"end":{"line":3,"column":24}},"1":{"start":{"line":4,"column":13},"end":{"line":4,"column":28}},"2":{"start":{"line":5,"column":22},"end":{"line":5,"column":52}},"3":{"start":{"line":7,"column":21},"end":{"line":11,"column":15}},"4":{"start":{"line":22,"column":2},"end":{"line":22,"column":66}},"5":{"start":{"line":34,"column":2},"end":{"line":40,"column":3}},"6":{"start":{"line":35,"column":19},"end":{"line":35,"column":64}},"7":{"start":{"line":36,"column":4},"end":{"line":36,"column":83}},"8":{"start":{"line":38,"column":4},"end":{"line":38,"column":76}},"9":{"start":{"line":39,"column":4},"end":{"line":39,"column":12}},"10":{"start":{"line":52,"column":2},"end":{"line":57,"column":3}},"11":{"start":{"line":53,"column":4},"end":{"line":53,"column":29}},"12":{"start":{"line":55,"column":4},"end":{"line":55,"column":76}},"13":{"start":{"line":56,"column":4},"end":{"line":56,"column":12}},"14":{"start":{"line":69,"column":2},"end":{"line":75,"column":3}},"15":{"start":{"line":70,"column":21},"end":{"line":70,"column":58}},"16":{"start":{"line":72,"column":4},"end":{"line":74,"column":5}},"17":{"start":{"line":73,"column":6},"end":{"line":73,"column":22}},"18":{"start":{"line":77,"column":2},"end":{"line":77,"column":14}},"19":{"start":{"line":88,"column":0},"end":{"line":99,"column":2}},"20":{"start":{"line":89,"column":19},"end":{"line":89,"column":47}},"21":{"start":{"line":91,"column":2},"end":{"line":97,"column":43}},"22":{"start":{"line":93,"column":6},"end":{"line":93,"column":40}},"23":{"start":{"line":95,"column":6},"end":{"line":95,"column":42}},"24":{"start":{"line":97,"column":6},"end":{"line":97,"column":42}}},"fnMap":{"0":{"name":"readFile","decl":{"start":{"line":21,"column":9},"end":{"line":21,"column":17}},"loc":{"start":{"line":21,"column":28},"end":{"line":23,"column":1}},"line":21},"1":{"name":"loadJSONConfigFile","decl":{"start":{"line":33,"column":9},"end":{"line":33,"column":27}},"loc":{"start":{"line":33,"column":38},"end":{"line":41,"column":1}},"line":33},"2":{"name":"loadJSConfigFile","decl":{"start":{"line":51,"column":9},"end":{"line":51,"column":25}},"loc":{"start":{"line":51,"column":36},"end":{"line":58,"column":1}},"line":51},"3":{"name":"getFilenameForDirectory","decl":{"start":{"line":68,"column":9},"end":{"line":68,"column":32}},"loc":{"start":{"line":68,"column":44},"end":{"line":78,"column":1}},"line":68},"4":{"name":"(anonymous_4)","decl":{"start":{"line":88,"column":17},"end":{"line":88,"column":18}},"loc":{"start":{"line":88,"column":32},"end":{"line":99,"column":1}},"line":88}},"branchMap":{"0":{"loc":{"start":{"line":36,"column":11},"end":{"line":36,"column":82}},"type":"cond-expr","locations":[{"start":{"line":36,"column":56},"end":{"line":36,"column":73}},{"start":{"line":36,"column":76},"end":{"line":36,"column":82}}],"line":36},"1":{"loc":{"start":{"line":72,"column":4},"end":{"line":74,"column":5}},"type":"if","locations":[{"start":{"line":72,"column":4},"end":{"line":74,"column":5}},{"start":{"line":72,"column":4},"end":{"line":74,"column":5}}],"line":72},"2":{"loc":{"start":{"line":72,"column":8},"end":{"line":72,"column":65}},"type":"binary-expr","locations":[{"start":{"line":72,"column":8},"end":{"line":72,"column":31}},{"start":{"line":72,"column":35},"end":{"line":72,"column":65}}],"line":72},"3":{"loc":{"start":{"line":91,"column":2},"end":{"line":97,"column":43}},"type":"switch","locations":[{"start":{"line":92,"column":4},"end":{"line":93,"column":40}},{"start":{"line":94,"column":4},"end":{"line":95,"column":42}},{"start":{"line":96,"column":4},"end":{"line":97,"column":42}}],"line":91}},"s":{"0":0,"1":0,"2":0,"3":0,"4":0,"5":0,"6":0,"7":0,"8":0,"9":0,"10":0,"11":0,"12":0,"13":0,"14":0,"15":0,"16":0,"17":0,"18":0,"19":0,"20":0,"21":0,"22":0,"23":0,"24":0},"f":{"0":0,"1":0,"2":0,"3":0,"4":0},"b":{"0":[0,0],"1":[0,0],"2":[0,0],"3":[0,0,0]}}
,"/Users/m48692/projects/gint/lib/params.js": {"path":"/Users/m48692/projects/gint/lib/params.js","statementMap":{"0":{"start":{"line":3,"column":11},"end":{"line":3,"column":24}},"1":{"start":{"line":4,"column":13},"end":{"line":4,"column":28}},"2":{"start":{"line":6,"column":17},"end":{"line":6,"column":62}},"3":{"start":{"line":6,"column":29},"end":{"line":6,"column":62}},"4":{"start":{"line":9,"column":0},"end":{"line":14,"column":2}},"5":{"start":{"line":10,"column":2},"end":{"line":12,"column":3}},"6":{"start":{"line":11,"column":4},"end":{"line":11,"column":61}},"7":{"start":{"line":13,"column":2},"end":{"line":13,"column":25}}},"fnMap":{"0":{"name":"(anonymous_0)","decl":{"start":{"line":6,"column":17},"end":{"line":6,"column":18}},"loc":{"start":{"line":6,"column":29},"end":{"line":6,"column":62}},"line":6},"1":{"name":"(anonymous_1)","decl":{"start":{"line":9,"column":17},"end":{"line":9,"column":18}},"loc":{"start":{"line":9,"column":25},"end":{"line":14,"column":1}},"line":9}},"branchMap":{"0":{"loc":{"start":{"line":10,"column":2},"end":{"line":12,"column":3}},"type":"if","locations":[{"start":{"line":10,"column":2},"end":{"line":12,"column":3}},{"start":{"line":10,"column":2},"end":{"line":12,"column":3}}],"line":10}},"s":{"0":0,"1":0,"2":0,"3":0,"4":0,"5":0,"6":0,"7":0},"f":{"0":0,"1":0},"b":{"0":[0,0]}}
,"/Users/m48692/projects/gint/lib/runner.js": {"path":"/Users/m48692/projects/gint/lib/runner.js","statementMap":{"0":{"start":{"line":3,"column":10},"end":{"line":3,"column":27}},"1":{"start":{"line":4,"column":13},"end":{"line":4,"column":28}},"2":{"start":{"line":5,"column":18},"end":{"line":5,"column":46}},"3":{"start":{"line":7,"column":14},"end":{"line":7,"column":45}},"4":{"start":{"line":9,"column":12},"end":{"line":16,"column":1}},"5":{"start":{"line":10,"column":2},"end":{"line":10,"column":32}},"6":{"start":{"line":11,"column":18},"end":{"line":11,"column":62}},"7":{"start":{"line":12,"column":2},"end":{"line":14,"column":3}},"8":{"start":{"line":13,"column":4},"end":{"line":13,"column":29}},"9":{"start":{"line":15,"column":2},"end":{"line":15,"column":35}},"10":{"start":{"line":19,"column":0},"end":{"line":59,"column":2}},"11":{"start":{"line":20,"column":2},"end":{"line":20,"column":20}},"12":{"start":{"line":22,"column":16},"end":{"line":22,"column":21}},"13":{"start":{"line":23,"column":20},"end":{"line":23,"column":35}},"14":{"start":{"line":24,"column":16},"end":{"line":24,"column":69}},"15":{"start":{"line":24,"column":53},"end":{"line":24,"column":67}},"16":{"start":{"line":26,"column":14},"end":{"line":35,"column":3}},"17":{"start":{"line":27,"column":19},"end":{"line":27,"column":37}},"18":{"start":{"line":29,"column":19},"end":{"line":29,"column":60}},"19":{"start":{"line":30,"column":4},"end":{"line":30,"column":25}},"20":{"start":{"line":32,"column":21},"end":{"line":32,"column":36}},"21":{"start":{"line":33,"column":4},"end":{"line":33,"column":37}},"22":{"start":{"line":34,"column":4},"end":{"line":34,"column":27}},"23":{"start":{"line":37,"column":18},"end":{"line":56,"column":3}},"24":{"start":{"line":38,"column":4},"end":{"line":40,"column":5}},"25":{"start":{"line":39,"column":6},"end":{"line":39,"column":12}},"26":{"start":{"line":42,"column":27},"end":{"line":42,"column":35}},"27":{"start":{"line":44,"column":4},"end":{"line":55,"column":7}},"28":{"start":{"line":45,"column":15},"end":{"line":45,"column":29}},"29":{"start":{"line":47,"column":20},"end":{"line":47,"column":27}},"30":{"start":{"line":48,"column":6},"end":{"line":53,"column":7}},"31":{"start":{"line":49,"column":8},"end":{"line":49,"column":23}},"32":{"start":{"line":50,"column":8},"end":{"line":50,"column":43}},"33":{"start":{"line":51,"column":13},"end":{"line":53,"column":7}},"34":{"start":{"line":52,"column":8},"end":{"line":52,"column":45}},"35":{"start":{"line":54,"column":6},"end":{"line":54,"column":21}},"36":{"start":{"line":58,"column":2},"end":{"line":58,"column":13}}},"fnMap":{"0":{"name":"(anonymous_0)","decl":{"start":{"line":9,"column":12},"end":{"line":9,"column":13}},"loc":{"start":{"line":9,"column":34},"end":{"line":16,"column":1}},"line":9},"1":{"name":"(anonymous_1)","decl":{"start":{"line":19,"column":17},"end":{"line":19,"column":18}},"loc":{"start":{"line":19,"column":35},"end":{"line":59,"column":1}},"line":19},"2":{"name":"(anonymous_2)","decl":{"start":{"line":24,"column":36},"end":{"line":24,"column":37}},"loc":{"start":{"line":24,"column":53},"end":{"line":24,"column":67}},"line":24},"3":{"name":"(anonymous_3)","decl":{"start":{"line":26,"column":14},"end":{"line":26,"column":15}},"loc":{"start":{"line":26,"column":20},"end":{"line":35,"column":3}},"line":26},"4":{"name":"(anonymous_4)","decl":{"start":{"line":37,"column":18},"end":{"line":37,"column":19}},"loc":{"start":{"line":37,"column":23},"end":{"line":56,"column":3}},"line":37},"5":{"name":"(anonymous_5)","decl":{"start":{"line":45,"column":9},"end":{"line":45,"column":10}},"loc":{"start":{"line":45,"column":15},"end":{"line":45,"column":29}},"line":45},"6":{"name":"(anonymous_6)","decl":{"start":{"line":46,"column":10},"end":{"line":46,"column":11}},"loc":{"start":{"line":46,"column":17},"end":{"line":55,"column":5}},"line":46}},"branchMap":{"0":{"loc":{"start":{"line":12,"column":2},"end":{"line":14,"column":3}},"type":"if","locations":[{"start":{"line":12,"column":2},"end":{"line":14,"column":3}},{"start":{"line":12,"column":2},"end":{"line":14,"column":3}}],"line":12},"1":{"loc":{"start":{"line":29,"column":19},"end":{"line":29,"column":60}},"type":"cond-expr","locations":[{"start":{"line":29,"column":29},"end":{"line":29,"column":43}},{"start":{"line":29,"column":46},"end":{"line":29,"column":60}}],"line":29},"2":{"loc":{"start":{"line":32,"column":21},"end":{"line":32,"column":36}},"type":"cond-expr","locations":[{"start":{"line":32,"column":31},"end":{"line":32,"column":32}},{"start":{"line":32,"column":35},"end":{"line":32,"column":36}}],"line":32},"3":{"loc":{"start":{"line":38,"column":4},"end":{"line":40,"column":5}},"type":"if","locations":[{"start":{"line":38,"column":4},"end":{"line":40,"column":5}},{"start":{"line":38,"column":4},"end":{"line":40,"column":5}}],"line":38},"4":{"loc":{"start":{"line":48,"column":6},"end":{"line":53,"column":7}},"type":"if","locations":[{"start":{"line":48,"column":6},"end":{"line":53,"column":7}},{"start":{"line":48,"column":6},"end":{"line":53,"column":7}}],"line":48},"5":{"loc":{"start":{"line":48,"column":10},"end":{"line":48,"column":46}},"type":"binary-expr","locations":[{"start":{"line":48,"column":10},"end":{"line":48,"column":25}},{"start":{"line":48,"column":29},"end":{"line":48,"column":46}}],"line":48},"6":{"loc":{"start":{"line":51,"column":13},"end":{"line":53,"column":7}},"type":"if","locations":[{"start":{"line":51,"column":13},"end":{"line":53,"column":7}},{"start":{"line":51,"column":13},"end":{"line":53,"column":7}}],"line":51},"7":{"loc":{"start":{"line":51,"column":17},"end":{"line":51,"column":56}},"type":"binary-expr","locations":[{"start":{"line":51,"column":17},"end":{"line":51,"column":33}},{"start":{"line":51,"column":37},"end":{"line":51,"column":56}}],"line":51}},"s":{"0":0,"1":0,"2":0,"3":0,"4":0,"5":0,"6":0,"7":0,"8":0,"9":0,"10":0,"11":0,"12":0,"13":0,"14":0,"15":0,"16":0,"17":0,"18":0,"19":0,"20":0,"21":0,"22":0,"23":0,"24":0,"25":0,"26":0,"27":0,"28":0,"29":0,"30":0,"31":0,"32":0,"33":0,"34":0,"35":0,"36":0},"f":{"0":0,"1":0,"2":0,"3":0,"4":0,"5":0,"6":0},"b":{"0":[0,0],"1":[0,0],"2":[0,0],"3":[0,0],"4":[0,0],"5":[0,0],"6":[0,0],"7":[0,0]}}
,"/Users/m48692/projects/gint/lib/formatters/text.js": {"path":"/Users/m48692/projects/gint/lib/formatters/text.js","statementMap":{"0":{"start":{"line":3,"column":15},"end":{"line":3,"column":37}},"1":{"start":{"line":5,"column":18},"end":{"line":5,"column":91}},"2":{"start":{"line":5,"column":34},"end":{"line":5,"column":91}},"3":{"start":{"line":7,"column":0},"end":{"line":38,"column":2}},"4":{"start":{"line":8,"column":2},"end":{"line":37,"column":4}},"5":{"start":{"line":11,"column":6},"end":{"line":11,"column":48}},"6":{"start":{"line":14,"column":21},"end":{"line":14,"column":22}},"7":{"start":{"line":15,"column":19},"end":{"line":15,"column":20}},"8":{"start":{"line":17,"column":21},"end":{"line":23,"column":8}},"9":{"start":{"line":18,"column":8},"end":{"line":18,"column":44}},"10":{"start":{"line":18,"column":33},"end":{"line":18,"column":42}},"11":{"start":{"line":19,"column":8},"end":{"line":19,"column":48}},"12":{"start":{"line":19,"column":35},"end":{"line":19,"column":46}},"13":{"start":{"line":21,"column":27},"end":{"line":21,"column":93}},"14":{"start":{"line":22,"column":8},"end":{"line":22,"column":77}},"15":{"start":{"line":25,"column":23},"end":{"line":25,"column":40}},"16":{"start":{"line":26,"column":6},"end":{"line":33,"column":7}},"17":{"start":{"line":27,"column":8},"end":{"line":27,"column":50}},"18":{"start":{"line":28,"column":8},"end":{"line":28,"column":24}},"19":{"start":{"line":29,"column":8},"end":{"line":31,"column":11}},"20":{"start":{"line":32,"column":8},"end":{"line":32,"column":24}},"21":{"start":{"line":35,"column":6},"end":{"line":35,"column":31}}},"fnMap":{"0":{"name":"(anonymous_0)","decl":{"start":{"line":5,"column":18},"end":{"line":5,"column":19}},"loc":{"start":{"line":5,"column":34},"end":{"line":5,"column":91}},"line":5},"1":{"name":"TextFormatter","decl":{"start":{"line":7,"column":26},"end":{"line":7,"column":39}},"loc":{"start":{"line":7,"column":42},"end":{"line":38,"column":1}},"line":7},"2":{"name":"(anonymous_2)","decl":{"start":{"line":10,"column":10},"end":{"line":10,"column":11}},"loc":{"start":{"line":10,"column":41},"end":{"line":12,"column":5}},"line":10},"3":{"name":"(anonymous_3)","decl":{"start":{"line":13,"column":12},"end":{"line":13,"column":13}},"loc":{"start":{"line":13,"column":23},"end":{"line":36,"column":5}},"line":13},"4":{"name":"(anonymous_4)","decl":{"start":{"line":17,"column":36},"end":{"line":17,"column":37}},"loc":{"start":{"line":17,"column":66},"end":{"line":23,"column":7}},"line":17}},"branchMap":{"0":{"loc":{"start":{"line":5,"column":46},"end":{"line":5,"column":88}},"type":"cond-expr","locations":[{"start":{"line":5,"column":71},"end":{"line":5,"column":81}},{"start":{"line":5,"column":84},"end":{"line":5,"column":88}}],"line":5},"1":{"loc":{"start":{"line":5,"column":46},"end":{"line":5,"column":68}},"type":"binary-expr","locations":[{"start":{"line":5,"column":46},"end":{"line":5,"column":56}},{"start":{"line":5,"column":60},"end":{"line":5,"column":68}}],"line":5},"2":{"loc":{"start":{"line":18,"column":8},"end":{"line":18,"column":44}},"type":"if","locations":[{"start":{"line":18,"column":8},"end":{"line":18,"column":44}},{"start":{"line":18,"column":8},"end":{"line":18,"column":44}}],"line":18},"3":{"loc":{"start":{"line":19,"column":8},"end":{"line":19,"column":48}},"type":"if","locations":[{"start":{"line":19,"column":8},"end":{"line":19,"column":48}},{"start":{"line":19,"column":8},"end":{"line":19,"column":48}}],"line":19},"4":{"loc":{"start":{"line":21,"column":27},"end":{"line":21,"column":93}},"type":"cond-expr","locations":[{"start":{"line":21,"column":47},"end":{"line":21,"column":66}},{"start":{"line":21,"column":69},"end":{"line":21,"column":93}}],"line":21},"5":{"loc":{"start":{"line":26,"column":6},"end":{"line":33,"column":7}},"type":"if","locations":[{"start":{"line":26,"column":6},"end":{"line":33,"column":7}},{"start":{"line":26,"column":6},"end":{"line":33,"column":7}}],"line":26}},"s":{"0":1,"1":1,"2":6,"3":1,"4":3,"5":6,"6":3,"7":3,"8":3,"9":6,"10":3,"11":6,"12":3,"13":6,"14":6,"15":3,"16":3,"17":2,"18":2,"19":2,"20":2,"21":3},"f":{"0":6,"1":3,"2":6,"3":3,"4":6},"b":{"0":[4,2],"1":[6,6],"2":[3,3],"3":[3,3],"4":[3,3],"5":[2,1]},"_coverageSchema":"332fd63041d2c1bcb487cc26dd0d5f7d97098a6c","hash":"130df80eb47289896006927955b16683ee1014a0"}
,"/Users/m48692/projects/gint/lib/rules/commit-max-len.js": {"path":"/Users/m48692/projects/gint/lib/rules/commit-max-len.js","statementMap":{"0":{"start":{"line":3,"column":0},"end":{"line":3,"column":32}},"1":{"start":{"line":5,"column":0},"end":{"line":13,"column":3}},"2":{"start":{"line":5,"column":32},"end":{"line":13,"column":2}},"3":{"start":{"line":6,"column":18},"end":{"line":6,"column":22}},"4":{"start":{"line":7,"column":18},"end":{"line":7,"column":48}},"5":{"start":{"line":8,"column":2},"end":{"line":12,"column":3}},"6":{"start":{"line":9,"column":4},"end":{"line":9,"column":14}},"7":{"start":{"line":11,"column":4},"end":{"line":11,"column":78}}},"fnMap":{"0":{"name":"(anonymous_0)","decl":{"start":{"line":5,"column":16},"end":{"line":5,"column":17}},"loc":{"start":{"line":5,"column":32},"end":{"line":13,"column":2}},"line":5},"1":{"name":"(anonymous_1)","decl":{"start":{"line":5,"column":44},"end":{"line":5,"column":45}},"loc":{"start":{"line":5,"column":65},"end":{"line":13,"column":1}},"line":5}},"branchMap":{"0":{"loc":{"start":{"line":8,"column":2},"end":{"line":12,"column":3}},"type":"if","locations":[{"start":{"line":8,"column":2},"end":{"line":12,"column":3}},{"start":{"line":8,"column":2},"end":{"line":12,"column":3}}],"line":8}},"s":{"0":0,"1":0,"2":0,"3":0,"4":0,"5":0,"6":0,"7":0},"f":{"0":0,"1":0},"b":{"0":[0,0]}}
,"/Users/m48692/projects/gint/lib/rules/commit-message-pattern.js": {"path":"/Users/m48692/projects/gint/lib/rules/commit-message-pattern.js","statementMap":{"0":{"start":{"line":3,"column":0},"end":{"line":3,"column":32}},"1":{"start":{"line":5,"column":0},"end":{"line":14,"column":3}},"2":{"start":{"line":5,"column":32},"end":{"line":14,"column":2}},"3":{"start":{"line":6,"column":37},"end":{"line":6,"column":41}},"4":{"start":{"line":7,"column":17},"end":{"line":7,"column":51}},"5":{"start":{"line":8,"column":2},"end":{"line":11,"column":3}},"6":{"start":{"line":9,"column":4},"end":{"line":9,"column":14}},"7":{"start":{"line":10,"column":4},"end":{"line":10,"column":11}},"8":{"start":{"line":13,"column":2},"end":{"line":13,"column":74}}},"fnMap":{"0":{"name":"(anonymous_0)","decl":{"start":{"line":5,"column":16},"end":{"line":5,"column":17}},"loc":{"start":{"line":5,"column":32},"end":{"line":14,"column":2}},"line":5},"1":{"name":"(anonymous_1)","decl":{"start":{"line":5,"column":44},"end":{"line":5,"column":45}},"loc":{"start":{"line":5,"column":65},"end":{"line":14,"column":1}},"line":5}},"branchMap":{"0":{"loc":{"start":{"line":8,"column":2},"end":{"line":11,"column":3}},"type":"if","locations":[{"start":{"line":8,"column":2},"end":{"line":11,"column":3}},{"start":{"line":8,"column":2},"end":{"line":11,"column":3}}],"line":8}},"s":{"0":0,"1":0,"2":0,"3":0,"4":0,"5":0,"6":0,"7":0,"8":0},"f":{"0":0,"1":0},"b":{"0":[0,0]}}
,"/Users/m48692/projects/gint/lib/rules/commit-min-len.js": {"path":"/Users/m48692/projects/gint/lib/rules/commit-min-len.js","statementMap":{"0":{"start":{"line":3,"column":0},"end":{"line":3,"column":32}},"1":{"start":{"line":5,"column":0},"end":{"line":13,"column":3}},"2":{"start":{"line":5,"column":32},"end":{"line":13,"column":2}},"3":{"start":{"line":6,"column":18},"end":{"line":6,"column":22}},"4":{"start":{"line":7,"column":18},"end":{"line":7,"column":48}},"5":{"start":{"line":8,"column":2},"end":{"line":12,"column":3}},"6":{"start":{"line":9,"column":4},"end":{"line":9,"column":14}},"7":{"start":{"line":11,"column":4},"end":{"line":11,"column":79}}},"fnMap":{"0":{"name":"(anonymous_0)","decl":{"start":{"line":5,"column":16},"end":{"line":5,"column":17}},"loc":{"start":{"line":5,"column":32},"end":{"line":13,"column":2}},"line":5},"1":{"name":"(anonymous_1)","decl":{"start":{"line":5,"column":44},"end":{"line":5,"column":45}},"loc":{"start":{"line":5,"column":65},"end":{"line":13,"column":1}},"line":5}},"branchMap":{"0":{"loc":{"start":{"line":8,"column":2},"end":{"line":12,"column":3}},"type":"if","locations":[{"start":{"line":8,"column":2},"end":{"line":12,"column":3}},{"start":{"line":8,"column":2},"end":{"line":12,"column":3}}],"line":8}},"s":{"0":0,"1":0,"2":0,"3":0,"4":0,"5":0,"6":0,"7":0},"f":{"0":0,"1":0},"b":{"0":[0,0]}}
,"/Users/m48692/projects/gint/lib/setup/install.js": {"path":"/Users/m48692/projects/gint/lib/setup/install.js","statementMap":{"0":{"start":{"line":3,"column":21},"end":{"line":3,"column":54}},"1":{"start":{"line":4,"column":14},"end":{"line":4,"column":32}},"2":{"start":{"line":5,"column":19},"end":{"line":5,"column":49}},"3":{"start":{"line":6,"column":24},"end":{"line":6,"column":60}},"4":{"start":{"line":8,"column":14},"end":{"line":8,"column":44}},"5":{"start":{"line":10,"column":0},"end":{"line":30,"column":2}},"6":{"start":{"line":11,"column":2},"end":{"line":29,"column":3}},"7":{"start":{"line":12,"column":21},"end":{"line":12,"column":42}},"8":{"start":{"line":13,"column":4},"end":{"line":13,"column":24}},"9":{"start":{"line":14,"column":4},"end":{"line":14,"column":39}},"10":{"start":{"line":16,"column":4},"end":{"line":18,"column":5}},"11":{"start":{"line":17,"column":6},"end":{"line":17,"column":13}},"12":{"start":{"line":20,"column":4},"end":{"line":20,"column":40}},"13":{"start":{"line":22,"column":4},"end":{"line":26,"column":5}},"14":{"start":{"line":23,"column":6},"end":{"line":23,"column":78}},"15":{"start":{"line":23,"column":32},"end":{"line":23,"column":76}},"16":{"start":{"line":25,"column":6},"end":{"line":25,"column":90}},"17":{"start":{"line":28,"column":4},"end":{"line":28,"column":21}}},"fnMap":{"0":{"name":"(anonymous_0)","decl":{"start":{"line":10,"column":17},"end":{"line":10,"column":18}},"loc":{"start":{"line":10,"column":28},"end":{"line":30,"column":1}},"line":10},"1":{"name":"(anonymous_1)","decl":{"start":{"line":23,"column":20},"end":{"line":23,"column":21}},"loc":{"start":{"line":23,"column":32},"end":{"line":23,"column":76}},"line":23}},"branchMap":{"0":{"loc":{"start":{"line":16,"column":4},"end":{"line":18,"column":5}},"type":"if","locations":[{"start":{"line":16,"column":4},"end":{"line":18,"column":5}},{"start":{"line":16,"column":4},"end":{"line":18,"column":5}}],"line":16},"1":{"loc":{"start":{"line":22,"column":4},"end":{"line":26,"column":5}},"type":"if","locations":[{"start":{"line":22,"column":4},"end":{"line":26,"column":5}},{"start":{"line":22,"column":4},"end":{"line":26,"column":5}}],"line":22}},"s":{"0":0,"1":0,"2":0,"3":0,"4":0,"5":0,"6":0,"7":0,"8":0,"9":0,"10":0,"11":0,"12":0,"13":0,"14":0,"15":0,"16":0,"17":0},"f":{"0":0,"1":0},"b":{"0":[0,0],"1":[0,0]}}
,"/Users/m48692/projects/gint/lib/setup/uninstall.js": {"path":"/Users/m48692/projects/gint/lib/setup/uninstall.js","statementMap":{"0":{"start":{"line":3,"column":14},"end":{"line":3,"column":32}},"1":{"start":{"line":4,"column":21},"end":{"line":4,"column":54}},"2":{"start":{"line":5,"column":19},"end":{"line":5,"column":49}},"3":{"start":{"line":6,"column":24},"end":{"line":6,"column":60}},"4":{"start":{"line":8,"column":14},"end":{"line":8,"column":44}},"5":{"start":{"line":10,"column":0},"end":{"line":27,"column":2}},"6":{"start":{"line":11,"column":2},"end":{"line":26,"column":3}},"7":{"start":{"line":12,"column":21},"end":{"line":12,"column":42}},"8":{"start":{"line":14,"column":4},"end":{"line":16,"column":5}},"9":{"start":{"line":15,"column":6},"end":{"line":15,"column":13}},"10":{"start":{"line":18,"column":4},"end":{"line":18,"column":26}},"11":{"start":{"line":19,"column":4},"end":{"line":19,"column":39}},"12":{"start":{"line":21,"column":4},"end":{"line":21,"column":42}},"13":{"start":{"line":23,"column":4},"end":{"line":23,"column":78}},"14":{"start":{"line":23,"column":30},"end":{"line":23,"column":76}},"15":{"start":{"line":25,"column":4},"end":{"line":25,"column":21}}},"fnMap":{"0":{"name":"(anonymous_0)","decl":{"start":{"line":10,"column":17},"end":{"line":10,"column":18}},"loc":{"start":{"line":10,"column":28},"end":{"line":27,"column":1}},"line":10},"1":{"name":"(anonymous_1)","decl":{"start":{"line":23,"column":18},"end":{"line":23,"column":19}},"loc":{"start":{"line":23,"column":30},"end":{"line":23,"column":76}},"line":23}},"branchMap":{"0":{"loc":{"start":{"line":14,"column":4},"end":{"line":16,"column":5}},"type":"if","locations":[{"start":{"line":14,"column":4},"end":{"line":16,"column":5}},{"start":{"line":14,"column":4},"end":{"line":16,"column":5}}],"line":14}},"s":{"0":0,"1":0,"2":0,"3":0,"4":0,"5":0,"6":0,"7":0,"8":0,"9":0,"10":0,"11":0,"12":0,"13":0,"14":0,"15":0},"f":{"0":0,"1":0},"b":{"0":[0,0]}}
,"/Users/m48692/projects/gint/lib/setup/utils/find-hooks-dir.js": {"path":"/Users/m48692/projects/gint/lib/setup/utils/find-hooks-dir.js","statementMap":{"0":{"start":{"line":3,"column":11},"end":{"line":3,"column":24}},"1":{"start":{"line":4,"column":13},"end":{"line":4,"column":28}},"2":{"start":{"line":6,"column":19},"end":{"line":16,"column":1}},"3":{"start":{"line":7,"column":15},"end":{"line":7,"column":41}},"4":{"start":{"line":9,"column":2},"end":{"line":15,"column":3}},"5":{"start":{"line":10,"column":16},"end":{"line":10,"column":35}},"6":{"start":{"line":12,"column":4},"end":{"line":14,"column":5}},"7":{"start":{"line":13,"column":6},"end":{"line":13,"column":31}},"8":{"start":{"line":18,"column":0},"end":{"line":35,"column":2}},"9":{"start":{"line":19,"column":14},"end":{"line":19,"column":41}},"10":{"start":{"line":21,"column":2},"end":{"line":34,"column":3}},"11":{"start":{"line":22,"column":17},"end":{"line":22,"column":39}},"12":{"start":{"line":23,"column":18},"end":{"line":23,"column":38}},"13":{"start":{"line":25,"column":4},"end":{"line":31,"column":5}},"14":{"start":{"line":29,"column":26},"end":{"line":29,"column":58}},"15":{"start":{"line":30,"column":6},"end":{"line":30,"column":64}},"16":{"start":{"line":33,"column":4},"end":{"line":33,"column":46}}},"fnMap":{"0":{"name":"(anonymous_0)","decl":{"start":{"line":6,"column":19},"end":{"line":6,"column":20}},"loc":{"start":{"line":6,"column":41},"end":{"line":16,"column":1}},"line":6},"1":{"name":"(anonymous_1)","decl":{"start":{"line":18,"column":17},"end":{"line":18,"column":18}},"loc":{"start":{"line":18,"column":28},"end":{"line":35,"column":1}},"line":18}},"branchMap":{"0":{"loc":{"start":{"line":12,"column":4},"end":{"line":14,"column":5}},"type":"if","locations":[{"start":{"line":12,"column":4},"end":{"line":14,"column":5}},{"start":{"line":12,"column":4},"end":{"line":14,"column":5}}],"line":12},"1":{"loc":{"start":{"line":21,"column":2},"end":{"line":34,"column":3}},"type":"if","locations":[{"start":{"line":21,"column":2},"end":{"line":34,"column":3}},{"start":{"line":21,"column":2},"end":{"line":34,"column":3}}],"line":21},"2":{"loc":{"start":{"line":25,"column":4},"end":{"line":31,"column":5}},"type":"if","locations":[{"start":{"line":25,"column":4},"end":{"line":31,"column":5}},{"start":{"line":25,"column":4},"end":{"line":31,"column":5}}],"line":25}},"s":{"0":0,"1":0,"2":0,"3":0,"4":0,"5":0,"6":0,"7":0,"8":0,"9":0,"10":0,"11":0,"12":0,"13":0,"14":0,"15":0,"16":0},"f":{"0":0,"1":0},"b":{"0":[0,0],"1":[0,0],"2":[0,0]}}
,"/Users/m48692/projects/gint/lib/setup/utils/hook-script.js": {"path":"/Users/m48692/projects/gint/lib/setup/utils/hook-script.js","statementMap":{"0":{"start":{"line":3,"column":11},"end":{"line":3,"column":24}},"1":{"start":{"line":4,"column":13},"end":{"line":4,"column":28}},"2":{"start":{"line":5,"column":14},"end":{"line":5,"column":50}},"3":{"start":{"line":7,"column":16},"end":{"line":7,"column":27}},"4":{"start":{"line":10,"column":14},"end":{"line":13,"column":1}},"5":{"start":{"line":11,"column":2},"end":{"line":11,"column":35}},"6":{"start":{"line":12,"column":2},"end":{"line":12,"column":46}},"7":{"start":{"line":15,"column":13},"end":{"line":15,"column":59}},"8":{"start":{"line":15,"column":25},"end":{"line":15,"column":59}},"9":{"start":{"line":17,"column":20},"end":{"line":18,"column":68}},"10":{"start":{"line":18,"column":0},"end":{"line":18,"column":68}},"11":{"start":{"line":20,"column":0},"end":{"line":43,"column":2}},"12":{"start":{"line":21,"column":19},"end":{"line":21,"column":48}},"13":{"start":{"line":22,"column":18},"end":{"line":22,"column":48}},"14":{"start":{"line":24,"column":2},"end":{"line":24,"column":37}},"15":{"start":{"line":26,"column":2},"end":{"line":29,"column":3}},"16":{"start":{"line":27,"column":4},"end":{"line":27,"column":57}},"17":{"start":{"line":28,"column":4},"end":{"line":28,"column":29}},"18":{"start":{"line":31,"column":21},"end":{"line":31,"column":35}},"19":{"start":{"line":33,"column":2},"end":{"line":40,"column":3}},"20":{"start":{"line":34,"column":4},"end":{"line":34,"column":57}},"21":{"start":{"line":35,"column":4},"end":{"line":35,"column":50}},"22":{"start":{"line":37,"column":9},"end":{"line":40,"column":3}},"23":{"start":{"line":38,"column":4},"end":{"line":38,"column":61}},"24":{"start":{"line":39,"column":4},"end":{"line":39,"column":53}},"25":{"start":{"line":42,"column":2},"end":{"line":42,"column":42}},"26":{"start":{"line":45,"column":0},"end":{"line":64,"column":2}},"27":{"start":{"line":46,"column":19},"end":{"line":46,"column":48}},"28":{"start":{"line":47,"column":18},"end":{"line":47,"column":48}},"29":{"start":{"line":49,"column":2},"end":{"line":49,"column":49}},"30":{"start":{"line":50,"column":2},"end":{"line":53,"column":3}},"31":{"start":{"line":51,"column":4},"end":{"line":51,"column":43}},"32":{"start":{"line":52,"column":4},"end":{"line":52,"column":11}},"33":{"start":{"line":55,"column":19},"end":{"line":55,"column":33}},"34":{"start":{"line":56,"column":2},"end":{"line":56,"column":66}},"35":{"start":{"line":58,"column":2},"end":{"line":58,"column":29}},"36":{"start":{"line":59,"column":2},"end":{"line":63,"column":3}},"37":{"start":{"line":60,"column":4},"end":{"line":60,"column":28}},"38":{"start":{"line":62,"column":4},"end":{"line":62,"column":32}}},"fnMap":{"0":{"name":"(anonymous_0)","decl":{"start":{"line":10,"column":14},"end":{"line":10,"column":15}},"loc":{"start":{"line":10,"column":34},"end":{"line":13,"column":1}},"line":10},"1":{"name":"(anonymous_1)","decl":{"start":{"line":15,"column":13},"end":{"line":15,"column":14}},"loc":{"start":{"line":15,"column":25},"end":{"line":15,"column":59}},"line":15},"2":{"name":"(anonymous_2)","decl":{"start":{"line":17,"column":20},"end":{"line":17,"column":21}},"loc":{"start":{"line":18,"column":0},"end":{"line":18,"column":68}},"line":18},"3":{"name":"(anonymous_3)","decl":{"start":{"line":20,"column":15},"end":{"line":20,"column":16}},"loc":{"start":{"line":20,"column":48},"end":{"line":43,"column":1}},"line":20},"4":{"name":"(anonymous_4)","decl":{"start":{"line":45,"column":17},"end":{"line":45,"column":18}},"loc":{"start":{"line":45,"column":50},"end":{"line":64,"column":1}},"line":45}},"branchMap":{"0":{"loc":{"start":{"line":26,"column":2},"end":{"line":29,"column":3}},"type":"if","locations":[{"start":{"line":26,"column":2},"end":{"line":29,"column":3}},{"start":{"line":26,"column":2},"end":{"line":29,"column":3}}],"line":26},"1":{"loc":{"start":{"line":33,"column":2},"end":{"line":40,"column":3}},"type":"if","locations":[{"start":{"line":33,"column":2},"end":{"line":40,"column":3}},{"start":{"line":33,"column":2},"end":{"line":40,"column":3}}],"line":33},"2":{"loc":{"start":{"line":37,"column":9},"end":{"line":40,"column":3}},"type":"if","locations":[{"start":{"line":37,"column":9},"end":{"line":40,"column":3}},{"start":{"line":37,"column":9},"end":{"line":40,"column":3}}],"line":37},"3":{"loc":{"start":{"line":50,"column":2},"end":{"line":53,"column":3}},"type":"if","locations":[{"start":{"line":50,"column":2},"end":{"line":53,"column":3}},{"start":{"line":50,"column":2},"end":{"line":53,"column":3}}],"line":50},"4":{"loc":{"start":{"line":59,"column":2},"end":{"line":63,"column":3}},"type":"if","locations":[{"start":{"line":59,"column":2},"end":{"line":63,"column":3}},{"start":{"line":59,"column":2},"end":{"line":63,"column":3}}],"line":59}},"s":{"0":0,"1":0,"2":0,"3":0,"4":0,"5":0,"6":0,"7":0,"8":0,"9":0,"10":0,"11":0,"12":0,"13":0,"14":0,"15":0,"16":0,"17":0,"18":0,"19":0,"20":0,"21":0,"22":0,"23":0,"24":0,"25":0,"26":0,"27":0,"28":0,"29":0,"30":0,"31":0,"32":0,"33":0,"34":0,"35":0,"36":0,"37":0,"38":0},"f":{"0":0,"1":0,"2":0,"3":0,"4":0},"b":{"0":[0,0],"1":[0,0],"2":[0,0],"3":[0,0],"4":[0,0]}}
,"/Users/m48692/projects/gint/lib/setup/utils/is-setup-required.js": {"path":"/Users/m48692/projects/gint/lib/setup/utils/is-setup-required.js","statementMap":{"0":{"start":{"line":3,"column":14},"end":{"line":3,"column":44}},"1":{"start":{"line":5,"column":0},"end":{"line":19,"column":2}},"2":{"start":{"line":6,"column":28},"end":{"line":6,"column":77}},"3":{"start":{"line":7,"column":2},"end":{"line":10,"column":3}},"4":{"start":{"line":8,"column":4},"end":{"line":8,"column":76}},"5":{"start":{"line":9,"column":4},"end":{"line":9,"column":17}},"6":{"start":{"line":12,"column":17},"end":{"line":12,"column":46}},"7":{"start":{"line":13,"column":2},"end":{"line":16,"column":3}},"8":{"start":{"line":14,"column":4},"end":{"line":14,"column":52}},"9":{"start":{"line":15,"column":4},"end":{"line":15,"column":17}},"10":{"start":{"line":18,"column":2},"end":{"line":18,"column":14}}},"fnMap":{"0":{"name":"(anonymous_0)","decl":{"start":{"line":5,"column":17},"end":{"line":5,"column":18}},"loc":{"start":{"line":5,"column":28},"end":{"line":19,"column":1}},"line":5}},"branchMap":{"0":{"loc":{"start":{"line":6,"column":29},"end":{"line":6,"column":65}},"type":"binary-expr","locations":[{"start":{"line":6,"column":29},"end":{"line":6,"column":59}},{"start":{"line":6,"column":63},"end":{"line":6,"column":65}}],"line":6},"1":{"loc":{"start":{"line":7,"column":2},"end":{"line":10,"column":3}},"type":"if","locations":[{"start":{"line":7,"column":2},"end":{"line":10,"column":3}},{"start":{"line":7,"column":2},"end":{"line":10,"column":3}}],"line":7},"2":{"loc":{"start":{"line":13,"column":2},"end":{"line":16,"column":3}},"type":"if","locations":[{"start":{"line":13,"column":2},"end":{"line":16,"column":3}},{"start":{"line":13,"column":2},"end":{"line":16,"column":3}}],"line":13}},"s":{"0":0,"1":0,"2":0,"3":0,"4":0,"5":0,"6":0,"7":0,"8":0,"9":0,"10":0},"f":{"0":0},"b":{"0":[0,0],"1":[0,0],"2":[0,0]}}
}
